<?xml version="1.0" encoding="UTF-8"?>
<!-- Generated by org.testng.reporters.JUnitReportReporter -->
<testsuite hostname="DESKTOP-JONN5O9" failures="0" tests="1" name="AmazonWebsite.kapil.Signin" time="7.992" errors="0" timestamp="2025-07-14T20:07:14 IST" skipped="0">
  <testcase classname="AmazonWebsite.kapil.Signin" name="signin" time="7.992"/>
  <system-out/>
</testsuite> <!-- AmazonWebsite.kapil.Signin -->
