<?xml version="1.0" encoding="UTF-8"?>
<!-- Generated by org.testng.reporters.JUnitReportReporter -->
<testsuite hostname="DESKTOP-JONN5O9" failures="0" tests="1" name="blazedemo.testscript.Booktheflight" time="7.627" errors="0" timestamp="2025-07-30T00:30:48 IST" skipped="0">
  <testcase classname="blazedemo.testscript.Booktheflight" name="destinationdetails" time="7.627"/>
  <system-out/>
</testsuite> <!-- blazedemo.testscript.Booktheflight -->
