<?xml version="1.0" encoding="UTF-8"?>
<!-- Generated by org.testng.reporters.JUnitReportReporter -->
<testsuite hostname="DESKTOP-JONN5O9" failures="0" tests="1" name="practiceTestng.Testngannotations" time="0.260" errors="0" timestamp="2025-04-03T11:38:57 IST" skipped="0">
  <testcase classname="practiceTestng.Testngannotations" name="numberoflinks" time="0.260"/>
</testsuite> <!-- practiceTestng.Testngannotations -->
