<?xml version="1.0" encoding="UTF-8"?>
<!-- Generated by org.testng.reporters.JUnitReportReporter -->
<testsuite hostname="DESKTOP-JONN5O9" failures="0" tests="1" name="Practiceset.practice.registrationPage" time="3.784" errors="0" timestamp="2025-03-31T14:27:13 IST" skipped="0">
  <testcase classname="Practiceset.practice.registrationPage" name="intiate" time="3.784"/>
</testsuite> <!-- Practiceset.practice.registrationPage -->
